0 info it worked if it ends with ok
1 verbose cli [ '/usr/local/bin/node', '/usr/local/bin/npm', 'run', 'watch' ]
2 info using npm@3.10.10
3 info using node@v6.11.0
4 verbose run-script [ 'prewatch', 'watch', 'postwatch' ]
5 info lifecycle codingexplained-vuex@1.0.0~prewatch: codingexplained-vuex@1.0.0
6 silly lifecycle codingexplained-vuex@1.0.0~prewatch: no script for prewatch, continuing
7 info lifecycle codingexplained-vuex@1.0.0~watch: codingexplained-vuex@1.0.0
8 verbose lifecycle codingexplained-vuex@1.0.0~watch: unsafe-perm in lifecycle true
9 verbose lifecycle codingexplained-vuex@1.0.0~watch: PATH: /usr/local/lib/node_modules/npm/bin/node-gyp-bin:/Volumes/SeagateV2/Programming/php/Laravel/public/vuex-ecommerce/node_modules/.bin:/usr/bin:/bin:/usr/sbin:/sbin:/usr/local/bin:/Users/lancefallon/software/apache-maven-3.5.0/bin
10 verbose lifecycle codingexplained-vuex@1.0.0~watch: CWD: /Volumes/SeagateV2/Programming/php/Laravel/public/vuex-ecommerce
11 silly lifecycle codingexplained-vuex@1.0.0~watch: Args: [ '-c',
11 silly lifecycle   'cross-env NODE_ENV=development webpack --watch --progress --hide-modules' ]
12 silly lifecycle codingexplained-vuex@1.0.0~watch: Returned: code: 255  signal: null
13 info lifecycle codingexplained-vuex@1.0.0~watch: Failed to exec watch script
14 verbose stack Error: codingexplained-vuex@1.0.0 watch: `cross-env NODE_ENV=development webpack --watch --progress --hide-modules`
14 verbose stack Exit status 255
14 verbose stack     at EventEmitter.<anonymous> (/usr/local/lib/node_modules/npm/lib/utils/lifecycle.js:255:16)
14 verbose stack     at emitTwo (events.js:106:13)
14 verbose stack     at EventEmitter.emit (events.js:191:7)
14 verbose stack     at ChildProcess.<anonymous> (/usr/local/lib/node_modules/npm/lib/utils/spawn.js:40:14)
14 verbose stack     at emitTwo (events.js:106:13)
14 verbose stack     at ChildProcess.emit (events.js:191:7)
14 verbose stack     at maybeClose (internal/child_process.js:891:16)
14 verbose stack     at Process.ChildProcess._handle.onexit (internal/child_process.js:226:5)
15 verbose pkgid codingexplained-vuex@1.0.0
16 verbose cwd /Volumes/SeagateV2/Programming/php/Laravel/public/vuex-ecommerce
17 error Darwin 16.5.0
18 error argv "/usr/local/bin/node" "/usr/local/bin/npm" "run" "watch"
19 error node v6.11.0
20 error npm  v3.10.10
21 error code ELIFECYCLE
22 error codingexplained-vuex@1.0.0 watch: `cross-env NODE_ENV=development webpack --watch --progress --hide-modules`
22 error Exit status 255
23 error Failed at the codingexplained-vuex@1.0.0 watch script 'cross-env NODE_ENV=development webpack --watch --progress --hide-modules'.
23 error Make sure you have the latest version of node.js and npm installed.
23 error If you do, this is most likely a problem with the codingexplained-vuex package,
23 error not with npm itself.
23 error Tell the author that this fails on your system:
23 error     cross-env NODE_ENV=development webpack --watch --progress --hide-modules
23 error You can get information on how to open an issue for this project with:
23 error     npm bugs codingexplained-vuex
23 error Or if that isn't available, you can get their info via:
23 error     npm owner ls codingexplained-vuex
23 error There is likely additional logging output above.
24 verbose exit [ 1, true ]
